{"/Users/wpplumber/Workspace/ISV/ahsub/src/components/Calculator.ts": {"path":"/Users/wpplumber/Workspace/ISV/ahsub/src/components/Calculator.ts","all":false,"statementMap":{"0":{"start":{"line":1,"column":0},"end":{"line":1,"column":18}},"1":{"start":{"line":2,"column":0},"end":{"line":2,"column":13}},"2":{"start":{"line":3,"column":0},"end":{"line":3,"column":22}},"3":{"start":{"line":4,"column":0},"end":{"line":4,"column":23}},"4":{"start":{"line":5,"column":0},"end":{"line":5,"column":17}},"5":{"start":{"line":6,"column":0},"end":{"line":6,"column":22}},"6":{"start":{"line":7,"column":0},"end":{"line":7,"column":23}},"7":{"start":{"line":8,"column":0},"end":{"line":8,"column":0}},"8":{"start":{"line":9,"column":0},"end":{"line":9,"column":17}},"9":{"start":{"line":10,"column":0},"end":{"line":10,"column":17}},"10":{"start":{"line":11,"column":0},"end":{"line":11,"column":3}},"11":{"start":{"line":12,"column":0},"end":{"line":12,"column":0}},"12":{"start":{"line":13,"column":0},"end":{"line":13,"column":69}},"13":{"start":{"line":14,"column":0},"end":{"line":14,"column":40}},"14":{"start":{"line":15,"column":0},"end":{"line":15,"column":31}},"15":{"start":{"line":16,"column":0},"end":{"line":16,"column":18}},"16":{"start":{"line":17,"column":0},"end":{"line":17,"column":5}},"17":{"start":{"line":18,"column":0},"end":{"line":18,"column":17}},"18":{"start":{"line":19,"column":0},"end":{"line":19,"column":3}},"19":{"start":{"line":20,"column":0},"end":{"line":20,"column":0}},"20":{"start":{"line":21,"column":0},"end":{"line":21,"column":23}},"21":{"start":{"line":22,"column":0},"end":{"line":22,"column":49}},"22":{"start":{"line":23,"column":0},"end":{"line":23,"column":13}},"23":{"start":{"line":24,"column":0},"end":{"line":24,"column":5}},"24":{"start":{"line":25,"column":0},"end":{"line":25,"column":25}},"25":{"start":{"line":26,"column":0},"end":{"line":26,"column":51}},"26":{"start":{"line":27,"column":0},"end":{"line":27,"column":46}},"27":{"start":{"line":28,"column":0},"end":{"line":28,"column":36}},"28":{"start":{"line":29,"column":0},"end":{"line":29,"column":63}},"29":{"start":{"line":30,"column":0},"end":{"line":30,"column":32}},"30":{"start":{"line":31,"column":0},"end":{"line":31,"column":57}},"31":{"start":{"line":32,"column":0},"end":{"line":32,"column":8}},"32":{"start":{"line":33,"column":0},"end":{"line":33,"column":3}},"33":{"start":{"line":34,"column":0},"end":{"line":34,"column":0}},"34":{"start":{"line":35,"column":0},"end":{"line":35,"column":26}},"35":{"start":{"line":36,"column":0},"end":{"line":36,"column":36}},"36":{"start":{"line":37,"column":0},"end":{"line":37,"column":33}},"37":{"start":{"line":38,"column":0},"end":{"line":38,"column":46}},"38":{"start":{"line":39,"column":0},"end":{"line":39,"column":57}},"39":{"start":{"line":40,"column":0},"end":{"line":40,"column":33}},"40":{"start":{"line":41,"column":0},"end":{"line":41,"column":77}},"41":{"start":{"line":42,"column":0},"end":{"line":42,"column":5}},"42":{"start":{"line":43,"column":0},"end":{"line":43,"column":3}},"43":{"start":{"line":44,"column":0},"end":{"line":44,"column":0}},"44":{"start":{"line":45,"column":0},"end":{"line":45,"column":19}},"45":{"start":{"line":46,"column":0},"end":{"line":46,"column":23}},"46":{"start":{"line":47,"column":0},"end":{"line":47,"column":20}},"47":{"start":{"line":48,"column":0},"end":{"line":48,"column":3}},"48":{"start":{"line":49,"column":0},"end":{"line":49,"column":0}},"49":{"start":{"line":50,"column":0},"end":{"line":50,"column":24}},"50":{"start":{"line":51,"column":0},"end":{"line":51,"column":49}},"51":{"start":{"line":52,"column":0},"end":{"line":52,"column":3}},"52":{"start":{"line":53,"column":0},"end":{"line":53,"column":0}},"53":{"start":{"line":54,"column":0},"end":{"line":54,"column":22}},"54":{"start":{"line":55,"column":0},"end":{"line":55,"column":50}},"55":{"start":{"line":56,"column":0},"end":{"line":56,"column":3}},"56":{"start":{"line":57,"column":0},"end":{"line":57,"column":0}},"57":{"start":{"line":58,"column":0},"end":{"line":58,"column":21}},"58":{"start":{"line":59,"column":0},"end":{"line":59,"column":64}},"59":{"start":{"line":60,"column":0},"end":{"line":60,"column":3}},"60":{"start":{"line":61,"column":0},"end":{"line":61,"column":0}},"61":{"start":{"line":62,"column":0},"end":{"line":62,"column":26}},"62":{"start":{"line":63,"column":0},"end":{"line":63,"column":64}},"63":{"start":{"line":64,"column":0},"end":{"line":64,"column":3}},"64":{"start":{"line":65,"column":0},"end":{"line":65,"column":0}},"65":{"start":{"line":66,"column":0},"end":{"line":66,"column":24}},"66":{"start":{"line":67,"column":0},"end":{"line":67,"column":29}},"67":{"start":{"line":68,"column":0},"end":{"line":68,"column":3}},"68":{"start":{"line":69,"column":0},"end":{"line":69,"column":0}},"69":{"start":{"line":70,"column":0},"end":{"line":70,"column":19}},"70":{"start":{"line":71,"column":0},"end":{"line":71,"column":69}},"71":{"start":{"line":72,"column":0},"end":{"line":72,"column":33}},"72":{"start":{"line":73,"column":0},"end":{"line":73,"column":79}},"73":{"start":{"line":74,"column":0},"end":{"line":74,"column":22}},"74":{"start":{"line":75,"column":0},"end":{"line":75,"column":9}},"75":{"start":{"line":76,"column":0},"end":{"line":76,"column":12}},"76":{"start":{"line":77,"column":0},"end":{"line":77,"column":31}},"77":{"start":{"line":78,"column":0},"end":{"line":78,"column":5}},"78":{"start":{"line":79,"column":0},"end":{"line":79,"column":3}},"79":{"start":{"line":80,"column":0},"end":{"line":80,"column":0}},"80":{"start":{"line":81,"column":0},"end":{"line":81,"column":44}},"81":{"start":{"line":82,"column":0},"end":{"line":82,"column":59}},"82":{"start":{"line":83,"column":0},"end":{"line":83,"column":47}},"83":{"start":{"line":84,"column":0},"end":{"line":84,"column":23}},"84":{"start":{"line":85,"column":0},"end":{"line":85,"column":31}},"85":{"start":{"line":86,"column":0},"end":{"line":86,"column":26}},"86":{"start":{"line":87,"column":0},"end":{"line":87,"column":12}},"87":{"start":{"line":88,"column":0},"end":{"line":88,"column":59}},"88":{"start":{"line":89,"column":0},"end":{"line":89,"column":33}},"89":{"start":{"line":90,"column":0},"end":{"line":90,"column":9}},"90":{"start":{"line":91,"column":0},"end":{"line":91,"column":5}},"91":{"start":{"line":92,"column":0},"end":{"line":92,"column":32}},"92":{"start":{"line":93,"column":0},"end":{"line":93,"column":50}},"93":{"start":{"line":94,"column":0},"end":{"line":94,"column":12}},"94":{"start":{"line":95,"column":0},"end":{"line":95,"column":28}},"95":{"start":{"line":96,"column":0},"end":{"line":96,"column":5}},"96":{"start":{"line":97,"column":0},"end":{"line":97,"column":3}},"97":{"start":{"line":98,"column":0},"end":{"line":98,"column":0}},"98":{"start":{"line":99,"column":0},"end":{"line":99,"column":14}},"99":{"start":{"line":100,"column":0},"end":{"line":100,"column":24}},"100":{"start":{"line":101,"column":0},"end":{"line":101,"column":52}},"101":{"start":{"line":102,"column":0},"end":{"line":102,"column":31}},"102":{"start":{"line":103,"column":0},"end":{"line":103,"column":29}},"103":{"start":{"line":104,"column":0},"end":{"line":104,"column":15}},"104":{"start":{"line":105,"column":0},"end":{"line":105,"column":41}},"105":{"start":{"line":106,"column":0},"end":{"line":106,"column":53}},"106":{"start":{"line":107,"column":0},"end":{"line":107,"column":28}},"107":{"start":{"line":108,"column":0},"end":{"line":108,"column":34}},"108":{"start":{"line":109,"column":0},"end":{"line":109,"column":14}},"109":{"start":{"line":110,"column":0},"end":{"line":110,"column":15}},"110":{"start":{"line":111,"column":0},"end":{"line":111,"column":33}},"111":{"start":{"line":112,"column":0},"end":{"line":112,"column":74}},"112":{"start":{"line":113,"column":0},"end":{"line":113,"column":10}},"113":{"start":{"line":114,"column":0},"end":{"line":114,"column":53}},"114":{"start":{"line":115,"column":0},"end":{"line":115,"column":28}},"115":{"start":{"line":116,"column":0},"end":{"line":116,"column":34}},"116":{"start":{"line":117,"column":0},"end":{"line":117,"column":14}},"117":{"start":{"line":118,"column":0},"end":{"line":118,"column":17}},"118":{"start":{"line":119,"column":0},"end":{"line":119,"column":18}},"119":{"start":{"line":120,"column":0},"end":{"line":120,"column":5}},"120":{"start":{"line":121,"column":0},"end":{"line":121,"column":50}},"121":{"start":{"line":122,"column":0},"end":{"line":122,"column":0}},"122":{"start":{"line":123,"column":0},"end":{"line":123,"column":28}},"123":{"start":{"line":124,"column":0},"end":{"line":124,"column":29}},"124":{"start":{"line":125,"column":0},"end":{"line":125,"column":15}},"125":{"start":{"line":126,"column":0},"end":{"line":126,"column":37}},"126":{"start":{"line":127,"column":0},"end":{"line":127,"column":14}},"127":{"start":{"line":128,"column":0},"end":{"line":128,"column":15}},"128":{"start":{"line":129,"column":0},"end":{"line":129,"column":37}},"129":{"start":{"line":130,"column":0},"end":{"line":130,"column":14}},"130":{"start":{"line":131,"column":0},"end":{"line":131,"column":15}},"131":{"start":{"line":132,"column":0},"end":{"line":132,"column":37}},"132":{"start":{"line":133,"column":0},"end":{"line":133,"column":14}},"133":{"start":{"line":134,"column":0},"end":{"line":134,"column":15}},"134":{"start":{"line":135,"column":0},"end":{"line":135,"column":37}},"135":{"start":{"line":136,"column":0},"end":{"line":136,"column":14}},"136":{"start":{"line":137,"column":0},"end":{"line":137,"column":17}},"137":{"start":{"line":138,"column":0},"end":{"line":138,"column":18}},"138":{"start":{"line":139,"column":0},"end":{"line":139,"column":5}},"139":{"start":{"line":140,"column":0},"end":{"line":140,"column":49}},"140":{"start":{"line":141,"column":0},"end":{"line":141,"column":24}},"141":{"start":{"line":142,"column":0},"end":{"line":142,"column":30}},"142":{"start":{"line":143,"column":0},"end":{"line":143,"column":3}},"143":{"start":{"line":144,"column":0},"end":{"line":144,"column":0}},"144":{"start":{"line":145,"column":0},"end":{"line":145,"column":36}},"145":{"start":{"line":146,"column":0},"end":{"line":146,"column":31}},"146":{"start":{"line":147,"column":0},"end":{"line":147,"column":43}},"147":{"start":{"line":148,"column":0},"end":{"line":148,"column":20}},"148":{"start":{"line":149,"column":0},"end":{"line":149,"column":34}},"149":{"start":{"line":150,"column":0},"end":{"line":150,"column":50}},"150":{"start":{"line":151,"column":0},"end":{"line":151,"column":32}},"151":{"start":{"line":152,"column":0},"end":{"line":152,"column":3}},"152":{"start":{"line":153,"column":0},"end":{"line":153,"column":0}},"153":{"start":{"line":154,"column":0},"end":{"line":154,"column":30}},"154":{"start":{"line":155,"column":0},"end":{"line":155,"column":79}},"155":{"start":{"line":156,"column":0},"end":{"line":156,"column":32}},"156":{"start":{"line":157,"column":0},"end":{"line":157,"column":49}},"157":{"start":{"line":158,"column":0},"end":{"line":158,"column":46}},"158":{"start":{"line":159,"column":0},"end":{"line":159,"column":13}},"159":{"start":{"line":160,"column":0},"end":{"line":160,"column":5}},"160":{"start":{"line":161,"column":0},"end":{"line":161,"column":77}},"161":{"start":{"line":162,"column":0},"end":{"line":162,"column":3}},"162":{"start":{"line":163,"column":0},"end":{"line":163,"column":0}},"163":{"start":{"line":164,"column":0},"end":{"line":164,"column":15}},"164":{"start":{"line":165,"column":0},"end":{"line":165,"column":70}},"165":{"start":{"line":166,"column":0},"end":{"line":166,"column":3}},"166":{"start":{"line":167,"column":0},"end":{"line":167,"column":0}},"167":{"start":{"line":168,"column":0},"end":{"line":168,"column":11}},"168":{"start":{"line":169,"column":0},"end":{"line":169,"column":29}},"169":{"start":{"line":170,"column":0},"end":{"line":170,"column":30}},"170":{"start":{"line":171,"column":0},"end":{"line":171,"column":24}},"171":{"start":{"line":172,"column":0},"end":{"line":172,"column":3}},"172":{"start":{"line":173,"column":0},"end":{"line":173,"column":1}},"173":{"start":{"line":174,"column":0},"end":{"line":174,"column":0}},"174":{"start":{"line":175,"column":0},"end":{"line":175,"column":26}}},"s":{"0":1,"1":1,"2":1,"3":1,"4":1,"5":1,"6":1,"7":1,"8":1,"9":1,"10":1,"11":1,"12":1,"13":1,"14":0,"15":0,"16":0,"17":0,"18":0,"19":1,"20":1,"21":0,"22":0,"23":0,"24":0,"25":0,"26":0,"27":0,"28":0,"29":0,"30":0,"31":0,"32":0,"33":1,"34":1,"35":0,"36":0,"37":0,"38":0,"39":0,"40":0,"41":0,"42":0,"43":1,"44":1,"45":1,"46":1,"47":1,"48":1,"49":1,"50":1,"51":1,"52":1,"53":1,"54":1,"55":1,"56":1,"57":1,"58":1,"59":1,"60":1,"61":1,"62":1,"63":1,"64":1,"65":1,"66":0,"67":0,"68":1,"69":1,"70":0,"71":0,"72":0,"73":0,"74":0,"75":0,"76":0,"77":0,"78":0,"79":1,"80":1,"81":0,"82":0,"83":0,"84":0,"85":0,"86":0,"87":0,"88":0,"89":0,"90":0,"91":0,"92":0,"93":0,"94":0,"95":0,"96":0,"97":1,"98":1,"99":14,"100":14,"101":14,"102":14,"103":14,"104":1,"105":1,"106":1,"107":1,"108":1,"109":14,"110":1,"111":1,"112":1,"113":1,"114":1,"115":1,"116":1,"117":14,"118":14,"119":14,"120":14,"121":14,"122":14,"123":5,"124":14,"125":1,"126":1,"127":14,"128":1,"129":1,"130":14,"131":2,"132":2,"133":14,"134":1,"135":1,"136":14,"137":14,"138":5,"139":5,"140":5,"141":5,"142":5,"143":1,"144":1,"145":8,"146":8,"147":8,"148":8,"149":8,"150":8,"151":8,"152":1,"153":1,"154":10,"155":10,"156":5,"157":5,"158":5,"159":5,"160":5,"161":5,"162":1,"163":1,"164":1,"165":1,"166":1,"167":1,"168":4,"169":4,"170":4,"171":4,"172":1,"173":1,"174":1},"branchMap":{"0":{"type":"branch","line":2,"loc":{"start":{"line":2,"column":2},"end":{"line":7,"column":22}},"locations":[{"start":{"line":2,"column":2},"end":{"line":7,"column":22}}]},"1":{"type":"branch","line":9,"loc":{"start":{"line":9,"column":2},"end":{"line":11,"column":3}},"locations":[{"start":{"line":9,"column":2},"end":{"line":11,"column":3}}]},"2":{"type":"branch","line":46,"loc":{"start":{"line":46,"column":2},"end":{"line":48,"column":3}},"locations":[{"start":{"line":46,"column":2},"end":{"line":48,"column":3}}]},"3":{"type":"branch","line":50,"loc":{"start":{"line":50,"column":2},"end":{"line":52,"column":3}},"locations":[{"start":{"line":50,"column":2},"end":{"line":52,"column":3}}]},"4":{"type":"branch","line":54,"loc":{"start":{"line":54,"column":2},"end":{"line":56,"column":3}},"locations":[{"start":{"line":54,"column":2},"end":{"line":56,"column":3}}]},"5":{"type":"branch","line":58,"loc":{"start":{"line":58,"column":2},"end":{"line":60,"column":3}},"locations":[{"start":{"line":58,"column":2},"end":{"line":60,"column":3}}]},"6":{"type":"branch","line":62,"loc":{"start":{"line":62,"column":2},"end":{"line":64,"column":3}},"locations":[{"start":{"line":62,"column":2},"end":{"line":64,"column":3}}]},"7":{"type":"branch","line":99,"loc":{"start":{"line":99,"column":2},"end":{"line":143,"column":3}},"locations":[{"start":{"line":99,"column":2},"end":{"line":143,"column":3}}]},"8":{"type":"branch","line":102,"loc":{"start":{"line":102,"column":24},"end":{"line":102,"column":31}},"locations":[{"start":{"line":102,"column":24},"end":{"line":102,"column":31}}]},"9":{"type":"branch","line":104,"loc":{"start":{"line":104,"column":6},"end":{"line":109,"column":14}},"locations":[{"start":{"line":104,"column":6},"end":{"line":109,"column":14}}]},"10":{"type":"branch","line":110,"loc":{"start":{"line":110,"column":6},"end":{"line":117,"column":14}},"locations":[{"start":{"line":110,"column":6},"end":{"line":117,"column":14}}]},"11":{"type":"branch","line":123,"loc":{"start":{"line":123,"column":21},"end":{"line":123,"column":28}},"locations":[{"start":{"line":123,"column":21},"end":{"line":123,"column":28}}]},"12":{"type":"branch","line":123,"loc":{"start":{"line":123,"column":21},"end":{"line":125,"column":11}},"locations":[{"start":{"line":123,"column":21},"end":{"line":125,"column":11}}]},"13":{"type":"branch","line":125,"loc":{"start":{"line":125,"column":6},"end":{"line":127,"column":14}},"locations":[{"start":{"line":125,"column":6},"end":{"line":127,"column":14}}]},"14":{"type":"branch","line":128,"loc":{"start":{"line":128,"column":6},"end":{"line":130,"column":14}},"locations":[{"start":{"line":128,"column":6},"end":{"line":130,"column":14}}]},"15":{"type":"branch","line":131,"loc":{"start":{"line":131,"column":6},"end":{"line":133,"column":14}},"locations":[{"start":{"line":131,"column":6},"end":{"line":133,"column":14}}]},"16":{"type":"branch","line":134,"loc":{"start":{"line":134,"column":6},"end":{"line":136,"column":14}},"locations":[{"start":{"line":134,"column":6},"end":{"line":136,"column":14}}]},"17":{"type":"branch","line":138,"loc":{"start":{"line":138,"column":6},"end":{"line":143,"column":3}},"locations":[{"start":{"line":138,"column":6},"end":{"line":143,"column":3}}]},"18":{"type":"branch","line":145,"loc":{"start":{"line":145,"column":2},"end":{"line":152,"column":3}},"locations":[{"start":{"line":145,"column":2},"end":{"line":152,"column":3}}]},"19":{"type":"branch","line":147,"loc":{"start":{"line":147,"column":36},"end":{"line":147,"column":43}},"locations":[{"start":{"line":147,"column":36},"end":{"line":147,"column":43}}]},"20":{"type":"branch","line":154,"loc":{"start":{"line":154,"column":2},"end":{"line":162,"column":3}},"locations":[{"start":{"line":154,"column":2},"end":{"line":162,"column":3}}]},"21":{"type":"branch","line":155,"loc":{"start":{"line":155,"column":33},"end":{"line":155,"column":70}},"locations":[{"start":{"line":155,"column":33},"end":{"line":155,"column":70}}]},"22":{"type":"branch","line":155,"loc":{"start":{"line":155,"column":72},"end":{"line":155,"column":79}},"locations":[{"start":{"line":155,"column":72},"end":{"line":155,"column":79}}]},"23":{"type":"branch","line":156,"loc":{"start":{"line":156,"column":31},"end":{"line":162,"column":3}},"locations":[{"start":{"line":156,"column":31},"end":{"line":162,"column":3}}]},"24":{"type":"branch","line":164,"loc":{"start":{"line":164,"column":2},"end":{"line":166,"column":3}},"locations":[{"start":{"line":164,"column":2},"end":{"line":166,"column":3}}]},"25":{"type":"branch","line":168,"loc":{"start":{"line":168,"column":2},"end":{"line":172,"column":3}},"locations":[{"start":{"line":168,"column":2},"end":{"line":172,"column":3}}]}},"b":{"0":[1],"1":[1],"2":[1],"3":[1],"4":[1],"5":[1],"6":[1],"7":[14],"8":[0],"9":[1],"10":[1],"11":[9],"12":[5],"13":[1],"14":[1],"15":[2],"16":[1],"17":[5],"18":[8],"19":[0],"20":[10],"21":[0],"22":[0],"23":[5],"24":[1],"25":[4]},"fnMap":{"0":{"name":"<instance_members_initializer>","decl":{"start":{"line":2,"column":2},"end":{"line":7,"column":22}},"loc":{"start":{"line":2,"column":2},"end":{"line":7,"column":22}},"line":2},"1":{"name":"Calculator","decl":{"start":{"line":9,"column":2},"end":{"line":11,"column":3}},"loc":{"start":{"line":9,"column":2},"end":{"line":11,"column":3}},"line":9},"2":{"name":"invalidInput","decl":{"start":{"line":14,"column":2},"end":{"line":19,"column":3}},"loc":{"start":{"line":14,"column":2},"end":{"line":19,"column":3}},"line":14},"3":{"name":"convertSign","decl":{"start":{"line":21,"column":2},"end":{"line":33,"column":3}},"loc":{"start":{"line":21,"column":2},"end":{"line":33,"column":3}},"line":21},"4":{"name":"convertDecimal","decl":{"start":{"line":35,"column":2},"end":{"line":43,"column":3}},"loc":{"start":{"line":35,"column":2},"end":{"line":43,"column":3}},"line":35},"5":{"name":"memoryClear","decl":{"start":{"line":46,"column":2},"end":{"line":48,"column":3}},"loc":{"start":{"line":46,"column":2},"end":{"line":48,"column":3}},"line":46},"6":{"name":"memoryRecall","decl":{"start":{"line":50,"column":2},"end":{"line":52,"column":3}},"loc":{"start":{"line":50,"column":2},"end":{"line":52,"column":3}},"line":50},"7":{"name":"memorySave","decl":{"start":{"line":54,"column":2},"end":{"line":56,"column":3}},"loc":{"start":{"line":54,"column":2},"end":{"line":56,"column":3}},"line":54},"8":{"name":"memoryAdd","decl":{"start":{"line":58,"column":2},"end":{"line":60,"column":3}},"loc":{"start":{"line":58,"column":2},"end":{"line":60,"column":3}},"line":58},"9":{"name":"memorySubtract","decl":{"start":{"line":62,"column":2},"end":{"line":64,"column":3}},"loc":{"start":{"line":62,"column":2},"end":{"line":64,"column":3}},"line":62},"10":{"name":"clearDisplay","decl":{"start":{"line":66,"column":2},"end":{"line":68,"column":3}},"loc":{"start":{"line":66,"column":2},"end":{"line":68,"column":3}},"line":66},"11":{"name":"updateDisplay","decl":{"start":{"line":70,"column":2},"end":{"line":79,"column":3}},"loc":{"start":{"line":70,"column":2},"end":{"line":79,"column":3}},"line":70},"12":{"name":"getDisplayNumber","decl":{"start":{"line":81,"column":2},"end":{"line":97,"column":3}},"loc":{"start":{"line":81,"column":2},"end":{"line":97,"column":3}},"line":81},"13":{"name":"evaluate","decl":{"start":{"line":99,"column":2},"end":{"line":143,"column":3}},"loc":{"start":{"line":99,"column":2},"end":{"line":143,"column":3}},"line":99},"14":{"name":"typeOperation","decl":{"start":{"line":145,"column":2},"end":{"line":152,"column":3}},"loc":{"start":{"line":145,"column":2},"end":{"line":152,"column":3}},"line":145},"15":{"name":"typeNumber","decl":{"start":{"line":154,"column":2},"end":{"line":162,"column":3}},"loc":{"start":{"line":154,"column":2},"end":{"line":162,"column":3}},"line":154},"16":{"name":"backspace","decl":{"start":{"line":164,"column":2},"end":{"line":166,"column":3}},"loc":{"start":{"line":164,"column":2},"end":{"line":166,"column":3}},"line":164},"17":{"name":"clear","decl":{"start":{"line":168,"column":2},"end":{"line":172,"column":3}},"loc":{"start":{"line":168,"column":2},"end":{"line":172,"column":3}},"line":168}},"f":{"0":1,"1":1,"2":0,"3":0,"4":0,"5":1,"6":1,"7":1,"8":1,"9":1,"10":0,"11":0,"12":0,"13":14,"14":8,"15":10,"16":1,"17":4}}
}
