TN:
SF:src/components/Calculator.ts
FN:2,<instance_members_initializer>
FN:9,Calculator
FN:14,invalidInput
FN:21,convertSign
FN:35,convertDecimal
FN:46,memoryClear
FN:50,memoryRecall
FN:54,memorySave
FN:58,memoryAdd
FN:62,memorySubtract
FN:66,clearDisplay
FN:70,updateDisplay
FN:81,getDisplayNumber
FN:99,evaluate
FN:145,typeOperation
FN:154,typeNumber
FN:164,backspace
FN:168,clear
FNF:18
FNH:12
FNDA:1,<instance_members_initializer>
FNDA:1,Calculator
FNDA:0,invalidInput
FNDA:0,convertSign
FNDA:0,convertDecimal
FNDA:1,memoryClear
FNDA:1,memoryRecall
FNDA:1,memorySave
FNDA:1,memoryAdd
FNDA:1,memorySubtract
FNDA:0,clearDisplay
FNDA:0,updateDisplay
FNDA:0,getDisplayNumber
FNDA:14,evaluate
FNDA:8,typeOperation
FNDA:10,typeNumber
FNDA:1,backspace
FNDA:4,clear
DA:1,1
DA:2,1
DA:3,1
DA:4,1
DA:5,1
DA:6,1
DA:7,1
DA:8,1
DA:9,1
DA:10,1
DA:11,1
DA:12,1
DA:13,1
DA:14,1
DA:15,0
DA:16,0
DA:17,0
DA:18,0
DA:19,0
DA:20,1
DA:21,1
DA:22,0
DA:23,0
DA:24,0
DA:25,0
DA:26,0
DA:27,0
DA:28,0
DA:29,0
DA:30,0
DA:31,0
DA:32,0
DA:33,0
DA:34,1
DA:35,1
DA:36,0
DA:37,0
DA:38,0
DA:39,0
DA:40,0
DA:41,0
DA:42,0
DA:43,0
DA:44,1
DA:45,1
DA:46,1
DA:47,1
DA:48,1
DA:49,1
DA:50,1
DA:51,1
DA:52,1
DA:53,1
DA:54,1
DA:55,1
DA:56,1
DA:57,1
DA:58,1
DA:59,1
DA:60,1
DA:61,1
DA:62,1
DA:63,1
DA:64,1
DA:65,1
DA:66,1
DA:67,0
DA:68,0
DA:69,1
DA:70,1
DA:71,0
DA:72,0
DA:73,0
DA:74,0
DA:75,0
DA:76,0
DA:77,0
DA:78,0
DA:79,0
DA:80,1
DA:81,1
DA:82,0
DA:83,0
DA:84,0
DA:85,0
DA:86,0
DA:87,0
DA:88,0
DA:89,0
DA:90,0
DA:91,0
DA:92,0
DA:93,0
DA:94,0
DA:95,0
DA:96,0
DA:97,0
DA:98,1
DA:99,1
DA:100,14
DA:101,14
DA:102,14
DA:103,14
DA:104,14
DA:105,1
DA:106,1
DA:107,1
DA:108,1
DA:109,1
DA:110,14
DA:111,1
DA:112,1
DA:113,1
DA:114,1
DA:115,1
DA:116,1
DA:117,1
DA:118,14
DA:119,14
DA:120,14
DA:121,14
DA:122,14
DA:123,14
DA:124,5
DA:125,14
DA:126,1
DA:127,1
DA:128,14
DA:129,1
DA:130,1
DA:131,14
DA:132,2
DA:133,2
DA:134,14
DA:135,1
DA:136,1
DA:137,14
DA:138,14
DA:139,5
DA:140,5
DA:141,5
DA:142,5
DA:143,5
DA:144,1
DA:145,1
DA:146,8
DA:147,8
DA:148,8
DA:149,8
DA:150,8
DA:151,8
DA:152,8
DA:153,1
DA:154,1
DA:155,10
DA:156,10
DA:157,5
DA:158,5
DA:159,5
DA:160,5
DA:161,5
DA:162,5
DA:163,1
DA:164,1
DA:165,1
DA:166,1
DA:167,1
DA:168,1
DA:169,4
DA:170,4
DA:171,4
DA:172,4
DA:173,1
DA:174,1
DA:175,1
LF:175
LH:123
BRDA:2,0,0,1
BRDA:9,1,0,1
BRDA:46,2,0,1
BRDA:50,3,0,1
BRDA:54,4,0,1
BRDA:58,5,0,1
BRDA:62,6,0,1
BRDA:99,7,0,14
BRDA:102,8,0,0
BRDA:104,9,0,1
BRDA:110,10,0,1
BRDA:123,11,0,9
BRDA:123,12,0,5
BRDA:125,13,0,1
BRDA:128,14,0,1
BRDA:131,15,0,2
BRDA:134,16,0,1
BRDA:138,17,0,5
BRDA:145,18,0,8
BRDA:147,19,0,0
BRDA:154,20,0,10
BRDA:155,21,0,0
BRDA:155,22,0,0
BRDA:156,23,0,5
BRDA:164,24,0,1
BRDA:168,25,0,4
BRF:26
BRH:22
end_of_record
